<html>
<head>
<title>TestNG:  Project_Functionality_Test</title>
<link href="../testng.css" rel="stylesheet" type="text/css" />
<link href="../my-testng.css" rel="stylesheet" type="text/css" />

<style type="text/css">
.log { display: none;} 
.stack-trace { display: none;} 
</style>
<script type="text/javascript">
<!--
function flip(e) {
  current = e.style.display;
  if (current == 'block') {
    e.style.display = 'none';
    return 0;
  }
  else {
    e.style.display = 'block';
    return 1;
  }
}

function toggleBox(szDivId, elem, msg1, msg2)
{
  var res = -1;  if (document.getElementById) {
    res = flip(document.getElementById(szDivId));
  }
  else if (document.all) {
    // this is the way old msie versions work
    res = flip(document.all[szDivId]);
  }
  if(elem) {
    if(res == 0) elem.innerHTML = msg1; else elem.innerHTML = msg2;
  }

}

function toggleAllBoxes() {
  if (document.getElementsByTagName) {
    d = document.getElementsByTagName('div');
    for (i = 0; i < d.length; i++) {
      if (d[i].className == 'log') {
        flip(d[i]);
      }
    }
  }
}

// -->
</script>

</head>
<body>
<h2 align='center'>Project_Functionality_Test</h2><table border='1' align="center">
<tr>
<td>Tests passed/Failed/Skipped:</td><td>64/2/0</td>
</tr><tr>
<td>Started on:</td><td>Sun Apr 25 17:55:03 IST 2021</td>
</tr>
<tr><td>Total time:</td><td>162 seconds (162364 ms)</td>
</tr><tr>
<td>Included groups:</td><td></td>
</tr><tr>
<td>Excluded groups:</td><td></td>
</tr>
</table><p/>
<small><i>(Hover the method name to see the test class name)</i></small><p/>
<table width='100%' border='1' class='invocation-failed'>
<tr><td colspan='4' align='center'><b>FAILED TESTS</b></td></tr>
<tr><td><b>Test method</b></td>
<td width="30%"><b>Exception</b></td>
<td width="10%"><b>Time (seconds)</b></td>
<td><b>Instance</b></td>
</tr>
<tr>
<td title='projects.Delete_RemoveProject.TC_009_DeleteProject()'><b>TC_009_DeleteProject</b><br>Test class: projects.Delete_RemoveProject<br>Parameters: RGda, org.testng.TestRunner@53d6e959</td>
<td><div><pre>java.lang.AssertionError: 1 expectation failed.
Expected status code &lt;200&gt; but was &lt;404&gt;.

	at org.codehaus.groovy.runtime.callsite.ConstructorSite$ConstructorSiteNoUnwrap.callConstructor(ConstructorSite.java:84)
	at org.codehaus.groovy.runtime.callsite.CallSiteArray.defaultCallConstructor(CallSiteArray.java:59)
	at org.codehaus.groovy.runtime.callsite.AbstractCallSite.callConstructor(AbstractCallSite.java:263)
	at org.codehaus.groovy.runtime.callsite.AbstractCallSite.callConstructor(AbstractCallSite.java:277)
	at io.restassured.internal.ResponseSpecificationImpl$HamcrestAssertionClosure.validate(ResponseSpecificationImpl.groovy:493)
	at io.restassured.internal.ResponseSpecificationImpl$HamcrestAssertionClosure$validate$1.call(Unknown Source)
	at io.restassured.internal.ResponseSpecificationImpl.validateResponseIfRequired(ResponseSpecificationImpl.groovy:674)
	at org.codehaus.groovy.runtime.callsite.PlainObjectMetaMethodSite.doInvoke(PlainObjectMetaMethodSite.java:43)
	at org.codehaus.groovy.runtime.callsite.PogoMetaMethodSite$PogoCachedMethodSiteNoUnwrapNoCoerce.invoke(PogoMetaMethodSite.java:193)
	at org.codehaus.groovy.runtime.callsite.PogoMetaMethodSite.callCurrent(PogoMetaMethodSite.java:61)
	at org.codehaus.groovy.runtime.callsite.AbstractCallSite.callCurrent(AbstractCallSite.java:185)
	at io.restassured.internal.ResponseSpecificationImpl.statusCode(ResponseSpecificationImpl.groovy:126)
	at io.restassured.specification.ResponseSpecification$statusCode$0.callCurrent(Unknown Source)
	at io.restassured.internal.ResponseSpecificationImpl.statusCode(ResponseSpecificationImpl.groovy:134)
	at io.restassured.internal.ValidatableResponseOptionsImpl.statusCode(ValidatableResponseOptionsImpl.java:89)
	at io.restassured.internal.ValidatableResponseImpl.super$2$statusCode(ValidatableResponseImpl.groovy)
	at groovy.lang.MetaMethod.doMethodInvoke(MetaMethod.java:323)
	at groovy.lang.MetaClassImpl.invokeMethod(MetaClassImpl.java:1262)
	at org.codehaus.groovy.runtime.ScriptBytecodeAdapter.invokeMethodOnSuperN(ScriptBytecodeAdapter.java:144)
	at io.restassured.internal.ValidatableResponseImpl.statusCode(ValidatableResponseImpl.groovy:142)
	at io.restassured.internal.ValidatableResponseImpl.statusCode(ValidatableResponseImpl.groovy)
	at projects.Delete_RemoveProject.TC_009_DeleteProject(Delete_RemoveProject.java:22)
	at java.base/java.util.ArrayList.forEach(ArrayList.java:1541)
... Removed 42 stack frames</pre></div><a href='#' onClick='toggleBox("stack-trace793575862", this, "Click to show all stack frames", "Click to hide stack frames")'>Click to show all stack frames</a>
<div class='stack-trace' id='stack-trace793575862'><pre>java.lang.AssertionError: 1 expectation failed.
Expected status code &lt;200&gt; but was &lt;404&gt;.

	at java.base/jdk.internal.reflect.NativeConstructorAccessorImpl.newInstance0(Native Method)
	at java.base/jdk.internal.reflect.NativeConstructorAccessorImpl.newInstance(NativeConstructorAccessorImpl.java:62)
	at java.base/jdk.internal.reflect.DelegatingConstructorAccessorImpl.newInstance(DelegatingConstructorAccessorImpl.java:45)
	at java.base/java.lang.reflect.Constructor.newInstance(Constructor.java:490)
	at org.codehaus.groovy.reflection.CachedConstructor.invoke(CachedConstructor.java:72)
	at org.codehaus.groovy.reflection.CachedConstructor.doConstructorInvoke(CachedConstructor.java:59)
	at org.codehaus.groovy.runtime.callsite.ConstructorSite$ConstructorSiteNoUnwrap.callConstructor(ConstructorSite.java:84)
	at org.codehaus.groovy.runtime.callsite.CallSiteArray.defaultCallConstructor(CallSiteArray.java:59)
	at org.codehaus.groovy.runtime.callsite.AbstractCallSite.callConstructor(AbstractCallSite.java:263)
	at org.codehaus.groovy.runtime.callsite.AbstractCallSite.callConstructor(AbstractCallSite.java:277)
	at io.restassured.internal.ResponseSpecificationImpl$HamcrestAssertionClosure.validate(ResponseSpecificationImpl.groovy:493)
	at io.restassured.internal.ResponseSpecificationImpl$HamcrestAssertionClosure$validate$1.call(Unknown Source)
	at io.restassured.internal.ResponseSpecificationImpl.validateResponseIfRequired(ResponseSpecificationImpl.groovy:674)
	at java.base/jdk.internal.reflect.NativeMethodAccessorImpl.invoke0(Native Method)
	at java.base/jdk.internal.reflect.NativeMethodAccessorImpl.invoke(NativeMethodAccessorImpl.java:62)
	at java.base/jdk.internal.reflect.DelegatingMethodAccessorImpl.invoke(DelegatingMethodAccessorImpl.java:43)
	at java.base/java.lang.reflect.Method.invoke(Method.java:566)
	at org.codehaus.groovy.runtime.callsite.PlainObjectMetaMethodSite.doInvoke(PlainObjectMetaMethodSite.java:43)
	at org.codehaus.groovy.runtime.callsite.PogoMetaMethodSite$PogoCachedMethodSiteNoUnwrapNoCoerce.invoke(PogoMetaMethodSite.java:193)
	at org.codehaus.groovy.runtime.callsite.PogoMetaMethodSite.callCurrent(PogoMetaMethodSite.java:61)
	at org.codehaus.groovy.runtime.callsite.AbstractCallSite.callCurrent(AbstractCallSite.java:185)
	at io.restassured.internal.ResponseSpecificationImpl.statusCode(ResponseSpecificationImpl.groovy:126)
	at io.restassured.specification.ResponseSpecification$statusCode$0.callCurrent(Unknown Source)
	at io.restassured.internal.ResponseSpecificationImpl.statusCode(ResponseSpecificationImpl.groovy:134)
	at io.restassured.internal.ValidatableResponseOptionsImpl.statusCode(ValidatableResponseOptionsImpl.java:89)
	at io.restassured.internal.ValidatableResponseImpl.super$2$statusCode(ValidatableResponseImpl.groovy)
	at java.base/jdk.internal.reflect.NativeMethodAccessorImpl.invoke0(Native Method)
	at java.base/jdk.internal.reflect.NativeMethodAccessorImpl.invoke(NativeMethodAccessorImpl.java:62)
	at java.base/jdk.internal.reflect.DelegatingMethodAccessorImpl.invoke(DelegatingMethodAccessorImpl.java:43)
	at java.base/java.lang.reflect.Method.invoke(Method.java:566)
	at org.codehaus.groovy.reflection.CachedMethod.invoke(CachedMethod.java:107)
	at groovy.lang.MetaMethod.doMethodInvoke(MetaMethod.java:323)
	at groovy.lang.MetaClassImpl.invokeMethod(MetaClassImpl.java:1262)
	at org.codehaus.groovy.runtime.ScriptBytecodeAdapter.invokeMethodOnSuperN(ScriptBytecodeAdapter.java:144)
	at io.restassured.internal.ValidatableResponseImpl.statusCode(ValidatableResponseImpl.groovy:142)
	at io.restassured.internal.ValidatableResponseImpl.statusCode(ValidatableResponseImpl.groovy)
	at projects.Delete_RemoveProject.TC_009_DeleteProject(Delete_RemoveProject.java:22)
	at java.base/jdk.internal.reflect.NativeMethodAccessorImpl.invoke0(Native Method)
	at java.base/jdk.internal.reflect.NativeMethodAccessorImpl.invoke(NativeMethodAccessorImpl.java:62)
	at java.base/jdk.internal.reflect.DelegatingMethodAccessorImpl.invoke(DelegatingMethodAccessorImpl.java:43)
	at java.base/java.lang.reflect.Method.invoke(Method.java:566)
	at org.testng.internal.MethodInvocationHelper.invokeMethod(MethodInvocationHelper.java:132)
	at org.testng.internal.TestInvoker.invokeMethod(TestInvoker.java:599)
	at org.testng.internal.TestInvoker.invokeTestMethod(TestInvoker.java:174)
	at org.testng.internal.MethodRunner.runInSequence(MethodRunner.java:46)
	at org.testng.internal.TestInvoker$MethodInvocationAgent.invoke(TestInvoker.java:822)
	at org.testng.internal.TestInvoker.invokeTestMethods(TestInvoker.java:147)
	at org.testng.internal.TestMethodWorker.invokeTestMethods(TestMethodWorker.java:146)
	at org.testng.internal.TestMethodWorker.run(TestMethodWorker.java:128)
	at java.base/java.util.ArrayList.forEach(ArrayList.java:1541)
	at org.testng.TestRunner.privateRun(TestRunner.java:764)
	at org.testng.TestRunner.run(TestRunner.java:585)
	at org.testng.SuiteRunner.runTest(SuiteRunner.java:384)
	at org.testng.SuiteRunner.runSequentially(SuiteRunner.java:378)
	at org.testng.SuiteRunner.privateRun(SuiteRunner.java:337)
	at org.testng.SuiteRunner.run(SuiteRunner.java:286)
	at org.testng.SuiteRunnerWorker.runSuite(SuiteRunnerWorker.java:53)
	at org.testng.SuiteRunnerWorker.run(SuiteRunnerWorker.java:96)
	at org.testng.TestNG.runSuitesSequentially(TestNG.java:1218)
	at org.testng.TestNG.runSuitesLocally(TestNG.java:1140)
	at org.testng.TestNG.runSuites(TestNG.java:1069)
	at org.testng.TestNG.run(TestNG.java:1037)
	at org.testng.remote.AbstractRemoteTestNG.run(AbstractRemoteTestNG.java:115)
	at org.testng.remote.RemoteTestNG.initAndRun(RemoteTestNG.java:251)
	at org.testng.remote.RemoteTestNG.main(RemoteTestNG.java:77)
</pre></div></td>
<td>1</td>
<td>projects.Delete_RemoveProject@1af2d44a</td></tr>
<tr>
<td title='testRuns.DeleteTestRun.TC_009_DeleteTestRun()'><b>TC_009_DeleteTestRun</b><br>Test class: testRuns.DeleteTestRun<br>Parameters: RGda, org.testng.TestRunner@53d6e959</td>
<td><div><pre>java.lang.AssertionError: 1 expectation failed.
Expected status code &lt;200&gt; but was &lt;404&gt;.

	at org.codehaus.groovy.runtime.callsite.ConstructorSite$ConstructorSiteNoUnwrap.callConstructor(ConstructorSite.java:84)
	at org.codehaus.groovy.runtime.callsite.AbstractCallSite.callConstructor(AbstractCallSite.java:277)
	at io.restassured.internal.ResponseSpecificationImpl$HamcrestAssertionClosure.validate(ResponseSpecificationImpl.groovy:493)
	at io.restassured.internal.ResponseSpecificationImpl$HamcrestAssertionClosure$validate$1.call(Unknown Source)
	at io.restassured.internal.ResponseSpecificationImpl.validateResponseIfRequired(ResponseSpecificationImpl.groovy:674)
	at org.codehaus.groovy.runtime.callsite.PlainObjectMetaMethodSite.doInvoke(PlainObjectMetaMethodSite.java:43)
	at org.codehaus.groovy.runtime.callsite.PogoMetaMethodSite$PogoCachedMethodSiteNoUnwrapNoCoerce.invoke(PogoMetaMethodSite.java:193)
	at org.codehaus.groovy.runtime.callsite.PogoMetaMethodSite.callCurrent(PogoMetaMethodSite.java:61)
	at org.codehaus.groovy.runtime.callsite.AbstractCallSite.callCurrent(AbstractCallSite.java:185)
	at io.restassured.internal.ResponseSpecificationImpl.statusCode(ResponseSpecificationImpl.groovy:126)
	at io.restassured.specification.ResponseSpecification$statusCode$0.callCurrent(Unknown Source)
	at io.restassured.internal.ResponseSpecificationImpl.statusCode(ResponseSpecificationImpl.groovy:134)
	at io.restassured.internal.ValidatableResponseOptionsImpl.statusCode(ValidatableResponseOptionsImpl.java:89)
	at io.restassured.internal.ValidatableResponseImpl.super$2$statusCode(ValidatableResponseImpl.groovy)
	at groovy.lang.MetaMethod.doMethodInvoke(MetaMethod.java:323)
	at groovy.lang.MetaClassImpl.invokeMethod(MetaClassImpl.java:1262)
	at org.codehaus.groovy.runtime.ScriptBytecodeAdapter.invokeMethodOnSuperN(ScriptBytecodeAdapter.java:144)
	at io.restassured.internal.ValidatableResponseImpl.statusCode(ValidatableResponseImpl.groovy:142)
	at io.restassured.internal.ValidatableResponseImpl.statusCode(ValidatableResponseImpl.groovy)
	at testRuns.DeleteTestRun.TC_009_DeleteTestRun(DeleteTestRun.java:23)
	at java.base/java.util.ArrayList.forEach(ArrayList.java:1541)
... Removed 42 stack frames</pre></div><a href='#' onClick='toggleBox("stack-trace1920134737", this, "Click to show all stack frames", "Click to hide stack frames")'>Click to show all stack frames</a>
<div class='stack-trace' id='stack-trace1920134737'><pre>java.lang.AssertionError: 1 expectation failed.
Expected status code &lt;200&gt; but was &lt;404&gt;.

	at java.base/jdk.internal.reflect.NativeConstructorAccessorImpl.newInstance0(Native Method)
	at java.base/jdk.internal.reflect.NativeConstructorAccessorImpl.newInstance(NativeConstructorAccessorImpl.java:62)
	at java.base/jdk.internal.reflect.DelegatingConstructorAccessorImpl.newInstance(DelegatingConstructorAccessorImpl.java:45)
	at java.base/java.lang.reflect.Constructor.newInstance(Constructor.java:490)
	at org.codehaus.groovy.reflection.CachedConstructor.invoke(CachedConstructor.java:72)
	at org.codehaus.groovy.reflection.CachedConstructor.doConstructorInvoke(CachedConstructor.java:59)
	at org.codehaus.groovy.runtime.callsite.ConstructorSite$ConstructorSiteNoUnwrap.callConstructor(ConstructorSite.java:84)
	at org.codehaus.groovy.runtime.callsite.AbstractCallSite.callConstructor(AbstractCallSite.java:277)
	at io.restassured.internal.ResponseSpecificationImpl$HamcrestAssertionClosure.validate(ResponseSpecificationImpl.groovy:493)
	at io.restassured.internal.ResponseSpecificationImpl$HamcrestAssertionClosure$validate$1.call(Unknown Source)
	at io.restassured.internal.ResponseSpecificationImpl.validateResponseIfRequired(ResponseSpecificationImpl.groovy:674)
	at java.base/jdk.internal.reflect.NativeMethodAccessorImpl.invoke0(Native Method)
	at java.base/jdk.internal.reflect.NativeMethodAccessorImpl.invoke(NativeMethodAccessorImpl.java:62)
	at java.base/jdk.internal.reflect.DelegatingMethodAccessorImpl.invoke(DelegatingMethodAccessorImpl.java:43)
	at java.base/java.lang.reflect.Method.invoke(Method.java:566)
	at org.codehaus.groovy.runtime.callsite.PlainObjectMetaMethodSite.doInvoke(PlainObjectMetaMethodSite.java:43)
	at org.codehaus.groovy.runtime.callsite.PogoMetaMethodSite$PogoCachedMethodSiteNoUnwrapNoCoerce.invoke(PogoMetaMethodSite.java:193)
	at org.codehaus.groovy.runtime.callsite.PogoMetaMethodSite.callCurrent(PogoMetaMethodSite.java:61)
	at org.codehaus.groovy.runtime.callsite.AbstractCallSite.callCurrent(AbstractCallSite.java:185)
	at io.restassured.internal.ResponseSpecificationImpl.statusCode(ResponseSpecificationImpl.groovy:126)
	at io.restassured.specification.ResponseSpecification$statusCode$0.callCurrent(Unknown Source)
	at io.restassured.internal.ResponseSpecificationImpl.statusCode(ResponseSpecificationImpl.groovy:134)
	at io.restassured.internal.ValidatableResponseOptionsImpl.statusCode(ValidatableResponseOptionsImpl.java:89)
	at io.restassured.internal.ValidatableResponseImpl.super$2$statusCode(ValidatableResponseImpl.groovy)
	at java.base/jdk.internal.reflect.NativeMethodAccessorImpl.invoke0(Native Method)
	at java.base/jdk.internal.reflect.NativeMethodAccessorImpl.invoke(NativeMethodAccessorImpl.java:62)
	at java.base/jdk.internal.reflect.DelegatingMethodAccessorImpl.invoke(DelegatingMethodAccessorImpl.java:43)
	at java.base/java.lang.reflect.Method.invoke(Method.java:566)
	at org.codehaus.groovy.reflection.CachedMethod.invoke(CachedMethod.java:107)
	at groovy.lang.MetaMethod.doMethodInvoke(MetaMethod.java:323)
	at groovy.lang.MetaClassImpl.invokeMethod(MetaClassImpl.java:1262)
	at org.codehaus.groovy.runtime.ScriptBytecodeAdapter.invokeMethodOnSuperN(ScriptBytecodeAdapter.java:144)
	at io.restassured.internal.ValidatableResponseImpl.statusCode(ValidatableResponseImpl.groovy:142)
	at io.restassured.internal.ValidatableResponseImpl.statusCode(ValidatableResponseImpl.groovy)
	at testRuns.DeleteTestRun.TC_009_DeleteTestRun(DeleteTestRun.java:23)
	at java.base/jdk.internal.reflect.NativeMethodAccessorImpl.invoke0(Native Method)
	at java.base/jdk.internal.reflect.NativeMethodAccessorImpl.invoke(NativeMethodAccessorImpl.java:62)
	at java.base/jdk.internal.reflect.DelegatingMethodAccessorImpl.invoke(DelegatingMethodAccessorImpl.java:43)
	at java.base/java.lang.reflect.Method.invoke(Method.java:566)
	at org.testng.internal.MethodInvocationHelper.invokeMethod(MethodInvocationHelper.java:132)
	at org.testng.internal.TestInvoker.invokeMethod(TestInvoker.java:599)
	at org.testng.internal.TestInvoker.invokeTestMethod(TestInvoker.java:174)
	at org.testng.internal.MethodRunner.runInSequence(MethodRunner.java:46)
	at org.testng.internal.TestInvoker$MethodInvocationAgent.invoke(TestInvoker.java:822)
	at org.testng.internal.TestInvoker.invokeTestMethods(TestInvoker.java:147)
	at org.testng.internal.TestMethodWorker.invokeTestMethods(TestMethodWorker.java:146)
	at org.testng.internal.TestMethodWorker.run(TestMethodWorker.java:128)
	at java.base/java.util.ArrayList.forEach(ArrayList.java:1541)
	at org.testng.TestRunner.privateRun(TestRunner.java:764)
	at org.testng.TestRunner.run(TestRunner.java:585)
	at org.testng.SuiteRunner.runTest(SuiteRunner.java:384)
	at org.testng.SuiteRunner.runSequentially(SuiteRunner.java:378)
	at org.testng.SuiteRunner.privateRun(SuiteRunner.java:337)
	at org.testng.SuiteRunner.run(SuiteRunner.java:286)
	at org.testng.SuiteRunnerWorker.runSuite(SuiteRunnerWorker.java:53)
	at org.testng.SuiteRunnerWorker.run(SuiteRunnerWorker.java:96)
	at org.testng.TestNG.runSuitesSequentially(TestNG.java:1218)
	at org.testng.TestNG.runSuitesLocally(TestNG.java:1140)
	at org.testng.TestNG.runSuites(TestNG.java:1069)
	at org.testng.TestNG.run(TestNG.java:1037)
	at org.testng.remote.AbstractRemoteTestNG.run(AbstractRemoteTestNG.java:115)
	at org.testng.remote.RemoteTestNG.initAndRun(RemoteTestNG.java:251)
	at org.testng.remote.RemoteTestNG.main(RemoteTestNG.java:77)
</pre></div></td>
<td>2</td>
<td>testRuns.DeleteTestRun@5ba3f27a</td></tr>
</table><p>
<table width='100%' border='1' class='invocation-passed'>
<tr><td colspan='4' align='center'><b>PASSED TESTS</b></td></tr>
<tr><td><b>Test method</b></td>
<td width="30%"><b>Exception</b></td>
<td width="10%"><b>Time (seconds)</b></td>
<td><b>Instance</b></td>
</tr>
<tr>
<td title='projects.Get_CountOfTotalNoOfProjects.CheckStatusCode()'><b>CheckStatusCode</b><br>Test class: projects.Get_CountOfTotalNoOfProjects</td>
<td></td>
<td>11</td>
<td>projects.Get_CountOfTotalNoOfProjects@18d87d80</td></tr>
<tr>
<td title='testCases.Get_ListAllModulesOfProject.CheckSuccessTrue()'><b>CheckSuccessTrue</b><br>Test class: testCases.Get_ListAllModulesOfProject</td>
<td></td>
<td>0</td>
<td>testCases.Get_ListAllModulesOfProject@f5acb9d</td></tr>
<tr>
<td title='projects.Get_ListAllProjects.Check_SuccessStatus()'><b>Check_SuccessStatus</b><br>Test class: projects.Get_ListAllProjects</td>
<td></td>
<td>4</td>
<td>projects.Get_ListAllProjects@618425b5</td></tr>
<tr>
<td title='release.Get_CountReleases.CountRealeasesOfExistingProjectKey()'><b>CountRealeasesOfExistingProjectKey</b><br>Test class: release.Get_CountReleases<br>Parameters: RGda</td>
<td></td>
<td>2</td>
<td>release.Get_CountReleases@7c24b813</td></tr>
<tr>
<td title='release.Get_CountReleases.CountRealeasesOfExistingProjectKey()'><b>CountRealeasesOfExistingProjectKey</b><br>Test class: release.Get_CountReleases<br>Parameters: BJaX</td>
<td></td>
<td>2</td>
<td>release.Get_CountReleases@7c24b813</td></tr>
<tr>
<td title='release.Get_CountReleases.CountRealeasesOfNonExistingProjectKey()'><b>CountRealeasesOfNonExistingProjectKey</b><br>Test class: release.Get_CountReleases<br>Parameters: aa</td>
<td></td>
<td>2</td>
<td>release.Get_CountReleases@7c24b813</td></tr>
<tr>
<td title='projects.Post_CreateProject.CreateProjectWithExistingName()'><b>CreateProjectWithExistingName</b><br>Test class: projects.Post_CreateProject<br>Parameters: MyProject100</td>
<td></td>
<td>2</td>
<td>projects.Post_CreateProject@58695725</td></tr>
<tr>
<td title='projects.Post_CreateProject.CreateProjectWithNonExistingName()'><b>CreateProjectWithNonExistingName</b><br>Test class: projects.Post_CreateProject<br>Parameters: MiniProject300</td>
<td></td>
<td>2</td>
<td>projects.Post_CreateProject@58695725</td></tr>
<tr>
<td title='release.Post_CreateNewRelease.CreateRelease_ExistingProjectKey()'><b>CreateRelease_ExistingProjectKey</b><br>Test class: release.Post_CreateNewRelease<br>Parameters: RGMd, milestone</td>
<td></td>
<td>2</td>
<td>release.Post_CreateNewRelease@7bd4937b</td></tr>
<tr>
<td title='release.Post_CreateNewRelease.CreateRelease_NonExistingProjectKey()'><b>CreateRelease_NonExistingProjectKey</b><br>Test class: release.Post_CreateNewRelease<br>Parameters: aa, milestone</td>
<td></td>
<td>2</td>
<td>release.Post_CreateNewRelease@7bd4937b</td></tr>
<tr>
<td title='testCases.Post_CreateModule.ExistingModuleNameExistingKey()'><b>ExistingModuleNameExistingKey</b><br>Test class: testCases.Post_CreateModule<br>Parameters: RGMd, Login1</td>
<td></td>
<td>2</td>
<td>testCases.Post_CreateModule@5d7148e2</td></tr>
<tr>
<td title='testCases.Post_CreateModule.ExistingModuleNameNonExistingKey()'><b>ExistingModuleNameNonExistingKey</b><br>Test class: testCases.Post_CreateModule<br>Parameters: Login1, aa</td>
<td></td>
<td>1</td>
<td>testCases.Post_CreateModule@5d7148e2</td></tr>
<tr>
<td title='testCases.Post_CreateTestCase.Existing_projectKey_Existing_sectionKey()'><b>Existing_projectKey_Existing_sectionKey</b><br>Test class: testCases.Post_CreateTestCase<br>Parameters: RGMd, vwMbp, SingleValued</td>
<td></td>
<td>2</td>
<td>testCases.Post_CreateTestCase@25fb8912</td></tr>
<tr>
<td title='testCases.Post_CreateTestCase.Existing_projectKey_NonExisting_sectionKey()'><b>Existing_projectKey_NonExisting_sectionKey</b><br>Test class: testCases.Post_CreateTestCase<br>Parameters: RGMd, a, SingleValued</td>
<td></td>
<td>2</td>
<td>testCases.Post_CreateTestCase@25fb8912</td></tr>
<tr>
<td title='testCases.Post_CreateModule.NonExistingModuleNameExistingKey()'><b>NonExistingModuleNameExistingKey</b><br>Test class: testCases.Post_CreateModule<br>Parameters: RGMd, Search1000</td>
<td></td>
<td>2</td>
<td>testCases.Post_CreateModule@5d7148e2</td></tr>
<tr>
<td title='testCases.Post_CreateModule.NonExistingModuleNameNonExistingKey()'><b>NonExistingModuleNameNonExistingKey</b><br>Test class: testCases.Post_CreateModule<br>Parameters: aa, Search1000</td>
<td></td>
<td>1</td>
<td>testCases.Post_CreateModule@5d7148e2</td></tr>
<tr>
<td title='testCases.Post_CreateTestCase.NonExisting_projectKey_Existing_sectionKey()'><b>NonExisting_projectKey_Existing_sectionKey</b><br>Test class: testCases.Post_CreateTestCase<br>Parameters: aa, vwMbp, SingleValued</td>
<td></td>
<td>2</td>
<td>testCases.Post_CreateTestCase@25fb8912</td></tr>
<tr>
<td title='testCases.Post_CreateTestCase.NonExisting_projectKey_NonExisting_sectionKey()'><b>NonExisting_projectKey_NonExisting_sectionKey</b><br>Test class: testCases.Post_CreateTestCase<br>Parameters: aa, a, SingleValued</td>
<td></td>
<td>2</td>
<td>testCases.Post_CreateTestCase@25fb8912</td></tr>
<tr>
<td title='testRuns.ListUsersInProject.REQ_09()'><b>REQ_09</b><br>Test class: testRuns.ListUsersInProject<br>Parameters: RGda, org.testng.TestRunner@53d6e959</td>
<td></td>
<td>1</td>
<td>testRuns.ListUsersInProject@306e95ec</td></tr>
<tr>
<td title='testRuns.ListUsersInProject.REQ_09()'><b>REQ_09</b><br>Test class: testRuns.ListUsersInProject<br>Parameters: BJaX, org.testng.TestRunner@53d6e959</td>
<td></td>
<td>1</td>
<td>testRuns.ListUsersInProject@306e95ec</td></tr>
<tr>
<td title='defects.ListDefectStatus.REQ_11()'><b>REQ_11</b><br>Test class: defects.ListDefectStatus</td>
<td></td>
<td>1</td>
<td>defects.ListDefectStatus@209da20d</td></tr>
<tr>
<td title='defects.ListSeverityForDefects.REQ_12()'><b>REQ_12</b><br>Test class: defects.ListSeverityForDefects</td>
<td></td>
<td>1</td>
<td>defects.ListSeverityForDefects@1b2abca6</td></tr>
<tr>
<td title='defects.ListIssueTypeForDefects.REQ_13()'><b>REQ_13</b><br>Test class: defects.ListIssueTypeForDefects</td>
<td></td>
<td>1</td>
<td>defects.ListIssueTypeForDefects@e15b7e8</td></tr>
<tr>
<td title='defects.ListAvailableDefectPriority.REQ_14()'><b>REQ_14</b><br>Test class: defects.ListAvailableDefectPriority</td>
<td></td>
<td>2</td>
<td>defects.ListAvailableDefectPriority@bae7dc0</td></tr>
<tr>
<td title='defects.CountDefectsInProject$ListAvailableDefectPriority.REQ_15()'><b>REQ_15</b><br>Test class: defects.CountDefectsInProject$ListAvailableDefectPriority<br>Parameters: RGda</td>
<td></td>
<td>1</td>
<td>defects.CountDefectsInProject$ListAvailableDefectPriority@6fd83fc1</td></tr>
<tr>
<td title='defects.CreateDefect.REQ_16()'><b>REQ_16</b><br>Test class: defects.CreateDefect<br>Parameters: RGda</td>
<td></td>
<td>2</td>
<td>defects.CreateDefect@4f2b503c</td></tr>
<tr>
<td title='defects.CreateDefect.REQ_17()'><b>REQ_17</b><br>Test class: defects.CreateDefect<br>Parameters: RGda</td>
<td></td>
<td>2</td>
<td>defects.CreateDefect@4f2b503c</td></tr>
<tr>
<td title='requirements.ListRequirementsForProject.REQ_18()'><b>REQ_18</b><br>Test class: requirements.ListRequirementsForProject<br>Parameters: RGda</td>
<td></td>
<td>3</td>
<td>requirements.ListRequirementsForProject@342c38f8</td></tr>
<tr>
<td title='requirements.CountRequirementForProject.REQ_19()'><b>REQ_19</b><br>Test class: requirements.CountRequirementForProject<br>Parameters: RGda</td>
<td></td>
<td>2</td>
<td>requirements.CountRequirementForProject@6392827e</td></tr>
<tr>
<td title='requirements.CountRequirementForProject.REQ_19()'><b>REQ_19</b><br>Test class: requirements.CountRequirementForProject<br>Parameters: BJaX</td>
<td></td>
<td>2</td>
<td>requirements.CountRequirementForProject@6392827e</td></tr>
<tr>
<td title='requirements.ListRequirementsForProject.REQ_19Fail()'><b>REQ_19Fail</b><br>Test class: requirements.ListRequirementsForProject<br>Parameters: RGda</td>
<td></td>
<td>2</td>
<td>requirements.ListRequirementsForProject@342c38f8</td></tr>
<tr>
<td title='requirements.CreateRequirementDoc.REQ_21()'><b>REQ_21</b><br>Test class: requirements.CreateRequirementDoc<br>Parameters: RGda, 0z34</td>
<td></td>
<td>2</td>
<td>requirements.CreateRequirementDoc@d5b810e</td></tr>
<tr>
<td title='requirements.ListRequirementDocs.REQ_21()'><b>REQ_21</b><br>Test class: requirements.ListRequirementDocs<br>Parameters: RGda</td>
<td></td>
<td>2</td>
<td>requirements.ListRequirementDocs@43dac38f</td></tr>
<tr>
<td title='requirements.ListRequirementDocs.REQ_21()'><b>REQ_21</b><br>Test class: requirements.ListRequirementDocs<br>Parameters: BJaX</td>
<td></td>
<td>2</td>
<td>requirements.ListRequirementDocs@43dac38f</td></tr>
<tr>
<td title='requirements.CreateNewRequirement.REQ_22()'><b>REQ_22</b><br>Test class: requirements.CreateNewRequirement<br>Parameters: RGda, 111a</td>
<td></td>
<td>2</td>
<td>requirements.CreateNewRequirement@2ed2d9cb</td></tr>
<tr>
<td title='testRuns.CountTestRuns.TC_001_CountTestRun()'><b>TC_001_CountTestRun</b><br>Test class: testRuns.CountTestRuns<br>Parameters: RGda, org.testng.TestRunner@53d6e959</td>
<td></td>
<td>2</td>
<td>testRuns.CountTestRuns@21e360a</td></tr>
<tr>
<td title='testRuns.CountTestRuns.TC_002CountTestRun()'><b>TC_002CountTestRun</b><br>Test class: testRuns.CountTestRuns<br>Parameters: RGda</td>
<td></td>
<td>1</td>
<td>testRuns.CountTestRuns@21e360a</td></tr>
<tr>
<td title='testRuns.ListTestRuns.TC_003_TestRuns()'><b>TC_003_TestRuns</b><br>Test class: testRuns.ListTestRuns<br>Parameters: RGda, org.testng.TestRunner@53d6e959</td>
<td></td>
<td>4</td>
<td>testRuns.ListTestRuns@58d75e99</td></tr>
<tr>
<td title='testRuns.ListTestRuns.TC_004_TestRuns()'><b>TC_004_TestRuns</b><br>Test class: testRuns.ListTestRuns<br>Parameters: org.testng.TestRunner@53d6e959</td>
<td></td>
<td>1</td>
<td>testRuns.ListTestRuns@58d75e99</td></tr>
<tr>
<td title='testRuns.ListTestRunsResult.TC_005_TestRunResult()'><b>TC_005_TestRunResult</b><br>Test class: testRuns.ListTestRunsResult<br>Parameters: RGda, org.testng.TestRunner@53d6e959</td>
<td></td>
<td>2</td>
<td>testRuns.ListTestRunsResult@74751b3</td></tr>
<tr>
<td title='testRuns.ListTestRunsResult.TC_005_TestRunResult()'><b>TC_005_TestRunResult</b><br>Test class: testRuns.ListTestRunsResult<br>Parameters: BJaX, org.testng.TestRunner@53d6e959</td>
<td></td>
<td>2</td>
<td>testRuns.ListTestRunsResult@74751b3</td></tr>
<tr>
<td title='testRuns.ListTestRunsStatus.TC_006_TestRuns_Status()'><b>TC_006_TestRuns_Status</b><br>Test class: testRuns.ListTestRunsStatus</td>
<td></td>
<td>2</td>
<td>testRuns.ListTestRunsStatus@741a8937</td></tr>
<tr>
<td title='testRuns.UpdateTestRunStatus.TC_007_UpdateRunStatus()'><b>TC_007_UpdateRunStatus</b><br>Test class: testRuns.UpdateTestRunStatus<br>Parameters: RGda, nqZ6, NWR4z</td>
<td></td>
<td>2</td>
<td>testRuns.UpdateTestRunStatus@52af26ee</td></tr>
<tr>
<td title='testRuns.UpdateTestRunStatus.TC_008_UpdateInvalidRunStatus()'><b>TC_008_UpdateInvalidRunStatus</b><br>Test class: testRuns.UpdateTestRunStatus<br>Parameters: RGda</td>
<td></td>
<td>2</td>
<td>testRuns.UpdateTestRunStatus@52af26ee</td></tr>
<tr>
<td title='release.Get_CountReleases.ValidateCount()'><b>ValidateCount</b><br>Test class: release.Get_CountReleases<br>Parameters: RGda</td>
<td></td>
<td>4</td>
<td>release.Get_CountReleases@7c24b813</td></tr>
<tr>
<td title='release.Get_CountReleases.ValidateCount()'><b>ValidateCount</b><br>Test class: release.Get_CountReleases<br>Parameters: BJaX</td>
<td></td>
<td>4</td>
<td>release.Get_CountReleases@7c24b813</td></tr>
<tr>
<td title='projects.Get_CountOfTotalNoOfProjects.validateCount()'><b>validateCount</b><br>Test class: projects.Get_CountOfTotalNoOfProjects</td>
<td></td>
<td>4</td>
<td>projects.Get_CountOfTotalNoOfProjects@18d87d80</td></tr>
<tr>
<td title='testCases.Get_ListAllModulesOfProject.withExistingProjectKey()'><b>withExistingProjectKey</b><br>Test class: testCases.Get_ListAllModulesOfProject<br>Parameters: RGda</td>
<td></td>
<td>2</td>
<td>testCases.Get_ListAllModulesOfProject@f5acb9d</td></tr>
<tr>
<td title='testCases.Get_ListAllModulesOfProject.withExistingProjectKey()'><b>withExistingProjectKey</b><br>Test class: testCases.Get_ListAllModulesOfProject<br>Parameters: BJaX</td>
<td></td>
<td>2</td>
<td>testCases.Get_ListAllModulesOfProject@f5acb9d</td></tr>
<tr>
<td title='release.Get_ListAllReleasesOfProject.withExistingProjectKey()'><b>withExistingProjectKey</b><br>Test class: release.Get_ListAllReleasesOfProject<br>Parameters: RGda</td>
<td></td>
<td>2</td>
<td>release.Get_ListAllReleasesOfProject@2c35e847</td></tr>
<tr>
<td title='release.Get_ListAllReleasesOfProject.withExistingProjectKey()'><b>withExistingProjectKey</b><br>Test class: release.Get_ListAllReleasesOfProject<br>Parameters: BJaX</td>
<td></td>
<td>1</td>
<td>release.Get_ListAllReleasesOfProject@2c35e847</td></tr>
<tr>
<td title='testCases.Get_CountOfTotalTestCasesOfProject.withExisting_projectKey()'><b>withExisting_projectKey</b><br>Test class: testCases.Get_CountOfTotalTestCasesOfProject<br>Parameters: RGda</td>
<td></td>
<td>1</td>
<td>testCases.Get_CountOfTotalTestCasesOfProject@543588e6</td></tr>
<tr>
<td title='testCases.Get_CountOfTotalTestCasesOfProject.withExisting_projectKey()'><b>withExisting_projectKey</b><br>Test class: testCases.Get_CountOfTotalTestCasesOfProject<br>Parameters: BJaX</td>
<td></td>
<td>1</td>
<td>testCases.Get_CountOfTotalTestCasesOfProject@543588e6</td></tr>
<tr>
<td title='testCases.Get_ListAllTestCasesOfProject.withExisting_projectKey()'><b>withExisting_projectKey</b><br>Test class: testCases.Get_ListAllTestCasesOfProject<br>Parameters: RGda</td>
<td></td>
<td>1</td>
<td>testCases.Get_ListAllTestCasesOfProject@4fb3ee4e</td></tr>
<tr>
<td title='testCases.Get_ListAllTestCasesOfProject.withExisting_projectKey()'><b>withExisting_projectKey</b><br>Test class: testCases.Get_ListAllTestCasesOfProject<br>Parameters: BJaX</td>
<td></td>
<td>1</td>
<td>testCases.Get_ListAllTestCasesOfProject@4fb3ee4e</td></tr>
<tr>
<td title='testCases.Get_ListAllModulesOfProject.withExisting_projectKey_HavingNoModules()'><b>withExisting_projectKey_HavingNoModules</b><br>Test class: testCases.Get_ListAllModulesOfProject<br>Parameters: VVlP</td>
<td></td>
<td>1</td>
<td>testCases.Get_ListAllModulesOfProject@f5acb9d</td></tr>
<tr>
<td title='testCases.Get_CountOfTotalTestCasesOfProject.withExisting_projectKey_HavingNoTestCases()'><b>withExisting_projectKey_HavingNoTestCases</b><br>Test class: testCases.Get_CountOfTotalTestCasesOfProject<br>Parameters: VVlP</td>
<td></td>
<td>2</td>
<td>testCases.Get_CountOfTotalTestCasesOfProject@543588e6</td></tr>
<tr>
<td title='testCases.Get_ListAllTestCasesOfProject.withExisting_projectKey_HavingNoTestCases()'><b>withExisting_projectKey_HavingNoTestCases</b><br>Test class: testCases.Get_ListAllTestCasesOfProject<br>Parameters: VVlP</td>
<td></td>
<td>2</td>
<td>testCases.Get_ListAllTestCasesOfProject@4fb3ee4e</td></tr>
<tr>
<td title='testCases.Get_CountOfTotalTestCasesOfProject.withExisting_projectKey_ValidateCount()'><b>withExisting_projectKey_ValidateCount</b><br>Test class: testCases.Get_CountOfTotalTestCasesOfProject<br>Parameters: RGda</td>
<td></td>
<td>4</td>
<td>testCases.Get_CountOfTotalTestCasesOfProject@543588e6</td></tr>
<tr>
<td title='testCases.Get_CountOfTotalTestCasesOfProject.withExisting_projectKey_ValidateCount()'><b>withExisting_projectKey_ValidateCount</b><br>Test class: testCases.Get_CountOfTotalTestCasesOfProject<br>Parameters: BJaX</td>
<td></td>
<td>4</td>
<td>testCases.Get_CountOfTotalTestCasesOfProject@543588e6</td></tr>
<tr>
<td title='release.Get_ListAllReleasesOfProject.withNonExistingProjectKey()'><b>withNonExistingProjectKey</b><br>Test class: release.Get_ListAllReleasesOfProject<br>Parameters: aa</td>
<td></td>
<td>2</td>
<td>release.Get_ListAllReleasesOfProject@2c35e847</td></tr>
<tr>
<td title='testCases.Get_CountOfTotalTestCasesOfProject.withNonExisting_projectKey()'><b>withNonExisting_projectKey</b><br>Test class: testCases.Get_CountOfTotalTestCasesOfProject<br>Parameters: aa</td>
<td></td>
<td>2</td>
<td>testCases.Get_CountOfTotalTestCasesOfProject@543588e6</td></tr>
<tr>
<td title='testCases.Get_ListAllModulesOfProject.withNonExisting_projectKey()'><b>withNonExisting_projectKey</b><br>Test class: testCases.Get_ListAllModulesOfProject<br>Parameters: aa</td>
<td></td>
<td>2</td>
<td>testCases.Get_ListAllModulesOfProject@f5acb9d</td></tr>
<tr>
<td title='testCases.Get_ListAllTestCasesOfProject.withNonExisting_projectKey()'><b>withNonExisting_projectKey</b><br>Test class: testCases.Get_ListAllTestCasesOfProject<br>Parameters: aa</td>
<td></td>
<td>2</td>
<td>testCases.Get_ListAllTestCasesOfProject@4fb3ee4e</td></tr>
</table><p>
</body>
</html>