<?xml version="1.0" encoding="UTF-8"?>
<!-- Generated by org.testng.reporters.JUnitXMLReporter -->
<testsuite ignored="0" hostname="Pandey" failures="2" tests="66" name="Project_Functionality_Test" time="162.364" errors="0" timestamp="2021-04-25T17:57:46 IST">
  <testcase classname="projects.Get_CountOfTotalNoOfProjects" name="CheckStatusCode" time="11.335"/>
  <testcase classname="projects.Get_ListAllProjects" name="Check_SuccessStatus" time="4.672"/>
  <testcase classname="release.Get_CountReleases" name="CountRealeasesOfExistingProjectKey" time="2.22"/>
  <testcase classname="release.Get_CountReleases" name="CountRealeasesOfExistingProjectKey" time="2.109"/>
  <testcase classname="release.Get_CountReleases" name="CountRealeasesOfNonExistingProjectKey" time="2.198"/>
  <testcase classname="projects.Post_CreateProject" name="CreateProjectWithExistingName" time="2.505"/>
  <testcase classname="projects.Post_CreateProject" name="CreateProjectWithNonExistingName" time="2.364"/>
  <testcase classname="release.Post_CreateNewRelease" name="CreateRelease_ExistingProjectKey" time="2.212"/>
  <testcase classname="release.Post_CreateNewRelease" name="CreateRelease_NonExistingProjectKey" time="2.042"/>
  <testcase classname="testCases.Post_CreateModule" name="ExistingModuleNameExistingKey" time="2.2"/>
  <testcase classname="testCases.Post_CreateTestCase" name="Existing_projectKey_Existing_sectionKey" time="2.152"/>
  <testcase classname="testCases.Post_CreateTestCase" name="Existing_projectKey_NonExisting_sectionKey" time="2.054"/>
  <testcase classname="testCases.Post_CreateTestCase" name="NonExisting_projectKey_Existing_sectionKey" time="2.075"/>
  <testcase classname="testCases.Post_CreateTestCase" name="NonExisting_projectKey_NonExisting_sectionKey" time="2.016"/>
  <testcase classname="testRuns.ListUsersInProject" name="REQ_09" time="1.84"/>
  <testcase classname="testRuns.ListUsersInProject" name="REQ_09" time="1.842"/>
  <testcase classname="requirements.CountRequirementForProject" name="REQ_19" time="2.658"/>
  <testcase classname="requirements.CountRequirementForProject" name="REQ_19" time="2.056"/>
  <testcase classname="testRuns.ListTestRunsResult" name="TC_005_TestRunResult" time="2.025"/>
  <testcase classname="testRuns.ListTestRunsResult" name="TC_005_TestRunResult" time="2.014"/>
  <testcase classname="testRuns.ListTestRunsStatus" name="TC_006_TestRuns_Status" time="2.04"/>
  <testcase classname="projects.Delete_RemoveProject" name="TC_009_DeleteProject" time="1.865">
    <failure type="java.lang.AssertionError" message="1 expectation failed.
Expected status code &amp;lt;200&amp;gt; but was &amp;lt;404&amp;gt;.
">
      <![CDATA[java.lang.AssertionError: 1 expectation failed.
Expected status code <200> but was <404>.

at org.codehaus.groovy.runtime.callsite.ConstructorSite$ConstructorSiteNoUnwrap.callConstructor(ConstructorSite.java:84)
at org.codehaus.groovy.runtime.callsite.CallSiteArray.defaultCallConstructor(CallSiteArray.java:59)
at org.codehaus.groovy.runtime.callsite.AbstractCallSite.callConstructor(AbstractCallSite.java:263)
at org.codehaus.groovy.runtime.callsite.AbstractCallSite.callConstructor(AbstractCallSite.java:277)
at io.restassured.internal.ResponseSpecificationImpl$HamcrestAssertionClosure.validate(ResponseSpecificationImpl.groovy:493)
at io.restassured.internal.ResponseSpecificationImpl$HamcrestAssertionClosure$validate$1.call(Unknown Source)
at io.restassured.internal.ResponseSpecificationImpl.validateResponseIfRequired(ResponseSpecificationImpl.groovy:674)
at org.codehaus.groovy.runtime.callsite.PlainObjectMetaMethodSite.doInvoke(PlainObjectMetaMethodSite.java:43)
at org.codehaus.groovy.runtime.callsite.PogoMetaMethodSite$PogoCachedMethodSiteNoUnwrapNoCoerce.invoke(PogoMetaMethodSite.java:193)
at org.codehaus.groovy.runtime.callsite.PogoMetaMethodSite.callCurrent(PogoMetaMethodSite.java:61)
at org.codehaus.groovy.runtime.callsite.AbstractCallSite.callCurrent(AbstractCallSite.java:185)
at io.restassured.internal.ResponseSpecificationImpl.statusCode(ResponseSpecificationImpl.groovy:126)
at io.restassured.specification.ResponseSpecification$statusCode$0.callCurrent(Unknown Source)
at io.restassured.internal.ResponseSpecificationImpl.statusCode(ResponseSpecificationImpl.groovy:134)
at io.restassured.internal.ValidatableResponseOptionsImpl.statusCode(ValidatableResponseOptionsImpl.java:89)
at io.restassured.internal.ValidatableResponseImpl.super$2$statusCode(ValidatableResponseImpl.groovy)
at groovy.lang.MetaMethod.doMethodInvoke(MetaMethod.java:323)
at groovy.lang.MetaClassImpl.invokeMethod(MetaClassImpl.java:1262)
at org.codehaus.groovy.runtime.ScriptBytecodeAdapter.invokeMethodOnSuperN(ScriptBytecodeAdapter.java:144)
at io.restassured.internal.ValidatableResponseImpl.statusCode(ValidatableResponseImpl.groovy:142)
at io.restassured.internal.ValidatableResponseImpl.statusCode(ValidatableResponseImpl.groovy)
at projects.Delete_RemoveProject.TC_009_DeleteProject(Delete_RemoveProject.java:22)
at java.base/java.util.ArrayList.forEach(ArrayList.java:1541)
... Removed 42 stack frames]]>
    </failure>
  </testcase> <!-- TC_009_DeleteProject -->
  <testcase classname="testRuns.DeleteTestRun" name="TC_009_DeleteTestRun" time="2.008">
    <failure type="java.lang.AssertionError" message="1 expectation failed.
Expected status code &amp;lt;200&amp;gt; but was &amp;lt;404&amp;gt;.
">
      <![CDATA[java.lang.AssertionError: 1 expectation failed.
Expected status code <200> but was <404>.

at org.codehaus.groovy.runtime.callsite.ConstructorSite$ConstructorSiteNoUnwrap.callConstructor(ConstructorSite.java:84)
at org.codehaus.groovy.runtime.callsite.AbstractCallSite.callConstructor(AbstractCallSite.java:277)
at io.restassured.internal.ResponseSpecificationImpl$HamcrestAssertionClosure.validate(ResponseSpecificationImpl.groovy:493)
at io.restassured.internal.ResponseSpecificationImpl$HamcrestAssertionClosure$validate$1.call(Unknown Source)
at io.restassured.internal.ResponseSpecificationImpl.validateResponseIfRequired(ResponseSpecificationImpl.groovy:674)
at org.codehaus.groovy.runtime.callsite.PlainObjectMetaMethodSite.doInvoke(PlainObjectMetaMethodSite.java:43)
at org.codehaus.groovy.runtime.callsite.PogoMetaMethodSite$PogoCachedMethodSiteNoUnwrapNoCoerce.invoke(PogoMetaMethodSite.java:193)
at org.codehaus.groovy.runtime.callsite.PogoMetaMethodSite.callCurrent(PogoMetaMethodSite.java:61)
at org.codehaus.groovy.runtime.callsite.AbstractCallSite.callCurrent(AbstractCallSite.java:185)
at io.restassured.internal.ResponseSpecificationImpl.statusCode(ResponseSpecificationImpl.groovy:126)
at io.restassured.specification.ResponseSpecification$statusCode$0.callCurrent(Unknown Source)
at io.restassured.internal.ResponseSpecificationImpl.statusCode(ResponseSpecificationImpl.groovy:134)
at io.restassured.internal.ValidatableResponseOptionsImpl.statusCode(ValidatableResponseOptionsImpl.java:89)
at io.restassured.internal.ValidatableResponseImpl.super$2$statusCode(ValidatableResponseImpl.groovy)
at groovy.lang.MetaMethod.doMethodInvoke(MetaMethod.java:323)
at groovy.lang.MetaClassImpl.invokeMethod(MetaClassImpl.java:1262)
at org.codehaus.groovy.runtime.ScriptBytecodeAdapter.invokeMethodOnSuperN(ScriptBytecodeAdapter.java:144)
at io.restassured.internal.ValidatableResponseImpl.statusCode(ValidatableResponseImpl.groovy:142)
at io.restassured.internal.ValidatableResponseImpl.statusCode(ValidatableResponseImpl.groovy)
at testRuns.DeleteTestRun.TC_009_DeleteTestRun(DeleteTestRun.java:23)
at java.base/java.util.ArrayList.forEach(ArrayList.java:1541)
... Removed 42 stack frames]]>
    </failure>
  </testcase> <!-- TC_009_DeleteTestRun -->
  <testcase classname="release.Get_CountReleases" name="ValidateCount" time="4.248"/>
  <testcase classname="release.Get_CountReleases" name="ValidateCount" time="4.384"/>
  <testcase classname="projects.Get_CountOfTotalNoOfProjects" name="validateCount" time="4.61"/>
  <testcase classname="testCases.Get_ListAllModulesOfProject" name="withExistingProjectKey" time="2.039"/>
  <testcase classname="testCases.Get_ListAllModulesOfProject" name="withExistingProjectKey" time="2.041"/>
  <testcase classname="testCases.Get_ListAllModulesOfProject" name="CheckSuccessTrue" time="0.0"/>
  <testcase classname="release.Get_ListAllReleasesOfProject" name="withExistingProjectKey" time="2.16"/>
  <testcase classname="release.Get_ListAllReleasesOfProject" name="withExistingProjectKey" time="1.932"/>
  <testcase classname="testCases.Get_CountOfTotalTestCasesOfProject" name="withExisting_projectKey" time="1.954"/>
  <testcase classname="testCases.Get_CountOfTotalTestCasesOfProject" name="withExisting_projectKey" time="1.936"/>
  <testcase classname="testCases.Get_ListAllTestCasesOfProject" name="withExisting_projectKey" time="1.915"/>
  <testcase classname="testCases.Get_ListAllTestCasesOfProject" name="withExisting_projectKey" time="1.944"/>
  <testcase classname="testCases.Get_ListAllModulesOfProject" name="withExisting_projectKey_HavingNoModules" time="1.971"/>
  <testcase classname="testCases.Get_CountOfTotalTestCasesOfProject" name="withExisting_projectKey_HavingNoTestCases" time="2.07"/>
  <testcase classname="testCases.Get_ListAllTestCasesOfProject" name="withExisting_projectKey_HavingNoTestCases" time="2.2"/>
  <testcase classname="testCases.Get_CountOfTotalTestCasesOfProject" name="withExisting_projectKey_ValidateCount" time="4.581"/>
  <testcase classname="testCases.Get_CountOfTotalTestCasesOfProject" name="withExisting_projectKey_ValidateCount" time="4.449"/>
  <testcase classname="release.Get_ListAllReleasesOfProject" name="withNonExistingProjectKey" time="2.008"/>
  <testcase classname="testCases.Get_CountOfTotalTestCasesOfProject" name="withNonExisting_projectKey" time="2.237"/>
  <testcase classname="testCases.Get_ListAllModulesOfProject" name="withNonExisting_projectKey" time="2.287"/>
  <testcase classname="testCases.Get_ListAllTestCasesOfProject" name="withNonExisting_projectKey" time="2.038"/>
  <testcase classname="testCases.Post_CreateModule" name="NonExistingModuleNameExistingKey" time="2.006"/>
  <testcase classname="testRuns.CountTestRuns" name="TC_001_CountTestRun" time="2.003"/>
  <testcase classname="testRuns.ListTestRuns" name="TC_003_TestRuns" time="4.058"/>
  <testcase classname="testRuns.UpdateTestRunStatus" name="TC_007_UpdateRunStatus" time="2.241"/>
  <testcase classname="testRuns.CountTestRuns" name="TC_002CountTestRun" time="1.351"/>
  <testcase classname="testRuns.ListTestRuns" name="TC_004_TestRuns" time="1.596"/>
  <testcase classname="testCases.Post_CreateModule" name="ExistingModuleNameNonExistingKey" time="1.962"/>
  <testcase classname="testCases.Post_CreateModule" name="NonExistingModuleNameNonExistingKey" time="1.964"/>
  <testcase classname="testRuns.UpdateTestRunStatus" name="TC_008_UpdateInvalidRunStatus" time="2.056"/>
  <testcase classname="defects.ListDefectStatus" name="REQ_11" time="1.96"/>
  <testcase classname="defects.ListSeverityForDefects" name="REQ_12" time="1.98"/>
  <testcase classname="defects.ListIssueTypeForDefects" name="REQ_13" time="1.949"/>
  <testcase classname="defects.ListAvailableDefectPriority" name="REQ_14" time="2.019"/>
  <testcase classname="defects.CountDefectsInProject$ListAvailableDefectPriority" name="REQ_15" time="1.972"/>
  <testcase classname="defects.CreateDefect" name="REQ_16" time="2.622"/>
  <testcase classname="defects.CreateDefect" name="REQ_17" time="2.127"/>
  <testcase classname="requirements.ListRequirementsForProject" name="REQ_18" time="3.209"/>
  <testcase classname="requirements.ListRequirementsForProject" name="REQ_19Fail" time="2.119"/>
  <testcase classname="requirements.CreateRequirementDoc" name="REQ_21" time="2.457"/>
  <testcase classname="requirements.ListRequirementDocs" name="REQ_21" time="2.164"/>
  <testcase classname="requirements.ListRequirementDocs" name="REQ_21" time="2.335"/>
  <testcase classname="requirements.CreateNewRequirement" name="REQ_22" time="2.329"/>
</testsuite> <!-- Project_Functionality_Test -->
